c:\users\gavin\onedrive\webquest\webquest\debug\vc120.pdb
c:\users\gavin\onedrive\webquest\webquest\debug\vc120.idb
c:\users\gavin\onedrive\webquest\webquest\debug\converter.obj
c:\users\gavin\onedrive\webquest\webquest\debug\json.obj
c:\users\gavin\onedrive\webquest\webquest\debug\jsonvalue.obj
c:\users\gavin\onedrive\webquest\webquest\debug\stringutility.obj
c:\users\gavin\onedrive\webquest\webquest\debug\wqenvironment.obj
c:\users\gavin\onedrive\webquest\webquest\debug\wqlibrary.obj
c:\users\gavin\onedrive\webquest\webquest\debug\wqrequest.obj
c:\users\gavin\onedrive\webquest\webquest\debug\wqruntime.obj
c:\users\gavin\onedrive\webquest\webquest\debug\wqglobalfunctions.obj
c:\users\gavin\onedrive\webquest\webquest\debug\main.obj
c:\users\gavin\onedrive\webquest\webquest\debug\parser.obj
c:\users\gavin\onedrive\webquest\webquest\debug\tokenizer.obj
c:\users\gavin\onedrive\webquest\webquest\debug\webrequest.obj
c:\users\gavin\onedrive\webquest\webquest\debug\uri.obj
c:\users\gavin\onedrive\webquest\webquest\debug\webresponse.obj
c:\users\gavin\onedrive\webquest\webquest\debug\wqobject.obj
c:\users\gavin\onedrive\webquest\webquest\debug\wqstate.obj
c:\users\gavin\onedrive\webquest\debug\webquest.ilk
c:\users\gavin\onedrive\webquest\debug\webquest.exe
c:\users\gavin\onedrive\webquest\debug\webquest.pdb
c:\users\gavin\onedrive\webquest\debug\webquest.lib
c:\users\gavin\onedrive\webquest\debug\webquest.exp
c:\users\gavin\onedrive\webquest\webquest\debug\webquest.tlog\cl.command.1.tlog
c:\users\gavin\onedrive\webquest\webquest\debug\webquest.tlog\cl.read.1.tlog
c:\users\gavin\onedrive\webquest\webquest\debug\webquest.tlog\cl.write.1.tlog
c:\users\gavin\onedrive\webquest\webquest\debug\webquest.tlog\link.command.1.tlog
c:\users\gavin\onedrive\webquest\webquest\debug\webquest.tlog\link.read.1.tlog
c:\users\gavin\onedrive\webquest\webquest\debug\webquest.tlog\link.write.1.tlog
c:\users\gavin\onedrive\webquest\webquest\debug\webquest.tlog\webquest.write.1u.tlog
