Build started 9/17/2015 11:12:10 PM.
     1>Project "C:\Users\Gavin\OneDrive\WebQuest\WebQuest\WebQuest.vcxproj" on node 2 (Build target(s)).
     1>ClCompile:
         C:\Program Files (x86)\Microsoft Visual Studio 12.0\VC\bin\CL.exe /c /Zi /nologo /W3 /WX- /sdl /O2 /Oi /Oy- /GL /D _MBCS /Gm- /EHsc /MD /GS /Gy /fp:precise /Zc:wchar_t /Zc:forScope /Fo"Release\\" /Fd"Release\vc120.pdb" /Gd /TP /analyze- /errorReport:prompt Converter.cpp Evaluation.cpp main.cpp ParseTree.cpp Tokenizer.cpp WebRequest.cpp Uri.cpp WQObject.cpp
         Converter.cpp
     1>Converter.cpp(17): warning C4101: 'ia' : unreferenced local variable
     1>Converter.cpp(29): warning C4101: 'ia' : unreferenced local variable
     1>Converter.cpp(41): warning C4101: 'ia' : unreferenced local variable
     1>Converter.cpp(54): warning C4101: 'ia' : unreferenced local variable
         Evaluation.cpp
         main.cpp
         ParseTree.cpp
         Tokenizer.cpp
         WebRequest.cpp
     1>WebRequest.cpp(54): warning C4101: 'buf' : unreferenced local variable
         Uri.cpp
         WQObject.cpp
       Link:
         C:\Program Files (x86)\Microsoft Visual Studio 12.0\VC\bin\link.exe /ERRORREPORT:PROMPT /OUT:"C:\Users\Gavin\OneDrive\WebQuest\Release\WebQuest.exe" /NOLOGO kernel32.lib user32.lib gdi32.lib winspool.lib comdlg32.lib advapi32.lib shell32.lib ole32.lib oleaut32.lib uuid.lib odbc32.lib odbccp32.lib /MANIFEST /MANIFESTUAC:"level='asInvoker' uiAccess='false'" /manifest:embed /DEBUG /PDB:"C:\Users\Gavin\OneDrive\WebQuest\Release\WebQuest.pdb" /OPT:REF /OPT:ICF /LTCG /TLBID:1 /DYNAMICBASE /NXCOMPAT /IMPLIB:"C:\Users\Gavin\OneDrive\WebQuest\Release\WebQuest.lib" /MACHINE:X86 /SAFESEH Release\Converter.obj
         Release\Evaluation.obj
         Release\main.obj
         Release\ParseTree.obj
         Release\Tokenizer.obj
         Release\WebRequest.obj
         Release\Uri.obj
         Release\WQObject.obj
         Generating code
         Finished generating code
         WebQuest.vcxproj -> C:\Users\Gavin\OneDrive\WebQuest\Release\WebQuest.exe
     1>Done Building Project "C:\Users\Gavin\OneDrive\WebQuest\WebQuest\WebQuest.vcxproj" (Build target(s)).

Build succeeded.

Time Elapsed 00:00:05.82
